<?xml version="1.0" encoding="UTF-8"?>
<testsuite failures="0" errors="0" skipped="0" tests="1" time="0.345322" name="Positive scenarios for /posts API">
<testcase classname="Positive scenarios for /posts API" name="Add post as a logged in user" time="0.345322">
  <system-out>
    <![CDATA[]]>
  </system-out>
  <system-err>
    <![CDATA[]]>
  </system-err>
</testcase>
</testsuite>
