<?xml version="1.0" encoding="UTF-8"?>
<testsuite failures="0" errors="0" skipped="0" tests="6" time="0.870125" name="Positive scenarios for /users API">
<testcase classname="Positive scenarios for /users API" name="Create new user with valid student details" time="0.234164">
  <system-out>
    <![CDATA[]]>
  </system-out>
  <system-err>
    <![CDATA[]]>
  </system-err>
</testcase>
<testcase classname="Positive scenarios for /users API" name="Logout user" time="0.092060">
  <system-out>
    <![CDATA[]]>
  </system-out>
  <system-err>
    <![CDATA[]]>
  </system-err>
</testcase>
<testcase classname="Positive scenarios for /users API" name="Login with valid user details" time="0.212231">
  <system-out>
    <![CDATA[]]>
  </system-out>
  <system-err>
    <![CDATA[]]>
  </system-err>
</testcase>
<testcase classname="Positive scenarios for /users API" name="Get user details with valid user id" time="0.104255">
  <system-out>
    <![CDATA[]]>
  </system-out>
  <system-err>
    <![CDATA[]]>
  </system-err>
</testcase>
<testcase classname="Positive scenarios for /users API" name="Update user details with valid user id" time="0.140059">
  <system-out>
    <![CDATA[]]>
  </system-out>
  <system-err>
    <![CDATA[]]>
  </system-err>
</testcase>
<testcase classname="Positive scenarios for /users API" name="Delete user with valid user id" time="0.087356">
  <system-out>
    <![CDATA[]]>
  </system-out>
  <system-err>
    <![CDATA[]]>
  </system-err>
</testcase>
</testsuite>
